C51 COMPILER V9.60.0.0   0_9_7SEGMENT                                                      12/24/2020 13:20:14 PAGE 1   


C51 COMPILER V9.60.0.0, COMPILATION OF MODULE 0_9_7SEGMENT
OBJECT MODULE PLACED IN .\Objects\0-9_7segment.obj
COMPILER INVOKED BY: C:\Keil_v5\C51\BIN\C51.EXE 0-9_7segment.c OPTIMIZE(8,SPEED) BROWSE DEBUG OBJECTEXTEND PRINT(.\Listi
                    -ngs\0-9_7segment.lst) TABS(2) OBJECT(.\Objects\0-9_7segment.obj)

line level    source

   1          #include<reg51.h>
   2          
   3          void main()
   4          {
   5   1        
   6   1        unsigned char seg[10]={0xc0,0xf9,0xa4,0xb0,0x99,0x92,0x82,0xf8,0x80,0x90};
   7   1        unsigned char x;
   8   1        unsigned int i;
   9   1        P1=0x00;  //output port
  10   1        while(1)
  11   1        {
  12   2          for(x=0; x<10; x++)
  13   2          {
  14   3            P1=seg[x];
  15   3            for(i=0; i<=50000; i++);
  16   3          }
  17   2        }
  18   1      }   


MODULE INFORMATION:   STATIC OVERLAYABLE
   CODE SIZE        =     73    ----
   CONSTANT SIZE    =     10    ----
   XDATA SIZE       =   ----    ----
   PDATA SIZE       =   ----    ----
   DATA SIZE        =   ----      11
   IDATA SIZE       =   ----    ----
   BIT SIZE         =   ----    ----
END OF MODULE INFORMATION.


C51 COMPILATION COMPLETE.  0 WARNING(S),  0 ERROR(S)
